<?xml version="1.0" encoding="UTF-8"?>
<!-- Generated by org.testng.reporters.JUnitReportReporter -->
<testsuite hostname="EXIPC0245" failures="0" tests="1" name="com.qa.test.LoginTests" time="14.569" errors="0" timestamp="2023-06-11T14:46:18 IST" skipped="0">
  <testcase classname="com.qa.test.LoginTests" name="invalidUserName" time="14.569"/>
  <system-out/>
</testsuite> <!-- com.qa.test.LoginTests -->
